<?xml version="1.0" encoding="UTF-8"?>
<!-- Generated by org.testng.reporters.JUnitReportReporter -->
<testsuite hostname="LAPTOP-P51UDK63" failures="0" tests="3" name="_12_HTMLReporting.SampleHTMLReportTest" time="0.017" errors="0" timestamp="2025-05-17T18:20:38 CEST" skipped="0">
  <testcase classname="_12_HTMLReporting.SampleHTMLReportTest" name="testLoginFailure" time="0.011"/>
  <testcase classname="_12_HTMLReporting.SampleHTMLReportTest" name="testLoginSuccess" time="0.002"/>
  <testcase classname="_12_HTMLReporting.SampleHTMLReportTest" name="testLogout" time="0.004"/>
</testsuite> <!-- _12_HTMLReporting.SampleHTMLReportTest -->
